TN:
SF:schemas/connect.js
FN:9,connect
FN:19,close
FN:23,clearDatabase
FNF:3
FNH:3
FNDA:1,connect
FNDA:1,close
FNDA:3,clearDatabase
DA:1,1
DA:2,1
DA:3,1
DA:4,1
DA:5,1
DA:6,1
DA:7,1
DA:8,1
DA:9,1
DA:10,1
DA:11,1
DA:12,1
DA:13,1
DA:14,1
DA:15,0
DA:16,0
DA:17,1
DA:18,1
DA:19,1
DA:20,1
DA:21,1
DA:22,1
DA:23,1
DA:24,3
DA:25,3
DA:26,3
DA:27,3
DA:28,1
DA:29,1
LF:29
LH:27
BRDA:9,0,0,1
BRDA:14,1,0,0
BRDA:19,2,0,1
BRDA:23,3,0,3
BRF:4
BRH:3
end_of_record
TN:
SF:schemas/product.schema.js
FNF:0
FNH:0
DA:1,1
DA:2,1
DA:3,1
DA:4,1
DA:5,1
DA:6,1
DA:7,1
DA:8,1
DA:9,1
DA:10,1
DA:11,1
DA:12,1
DA:13,1
DA:14,1
DA:15,1
DA:16,1
DA:17,1
DA:18,1
LF:18
LH:18
BRF:0
BRH:0
end_of_record
TN:
SF:services/product.service.js
FN:7,getProducts
FN:11,getProductById
FN:17,addProduct
FN:26,updateProduct
FN:31,deleteProduct
FNF:5
FNH:2
FNDA:1,getProducts
FNDA:0,getProductById
FNDA:2,addProduct
FNDA:0,updateProduct
FNDA:0,deleteProduct
DA:1,1
DA:2,1
DA:3,1
DA:4,1
DA:5,1
DA:6,1
DA:7,1
DA:8,1
DA:9,1
DA:10,1
DA:11,1
DA:12,0
DA:13,0
DA:14,0
DA:15,1
DA:16,1
DA:17,1
DA:18,2
DA:19,1
DA:20,1
DA:21,1
DA:22,1
DA:23,2
DA:24,2
DA:25,1
DA:26,1
DA:27,0
DA:28,0
DA:29,0
DA:30,1
DA:31,1
DA:32,0
DA:33,0
DA:34,0
DA:35,1
DA:36,1
DA:37,1
DA:38,1
DA:39,1
DA:40,1
DA:41,1
DA:42,1
DA:43,1
DA:44,1
LF:44
LH:35
BRDA:7,0,0,1
BRDA:17,1,0,2
BRDA:18,2,0,1
BRF:3
BRH:3
end_of_record
