TN:
SF:services/product.service.js
FN:1,getProducts
FN:5,getProductById
FN:10,addProduct
FN:14,updateProduct
FN:18,deleteProduct
FNF:5
FNH:1
FNDA:1,getProducts
FNDA:0,getProductById
FNDA:0,addProduct
FNDA:0,updateProduct
FNDA:0,deleteProduct
DA:1,1
DA:2,1
DA:3,1
DA:4,1
DA:5,1
DA:6,0
DA:7,0
DA:8,1
DA:9,1
DA:10,1
DA:11,0
DA:12,0
DA:13,1
DA:14,1
DA:15,0
DA:16,0
DA:17,1
DA:18,1
DA:19,0
DA:20,0
DA:21,1
DA:22,1
DA:23,1
DA:24,1
DA:25,1
DA:26,1
DA:27,1
DA:28,1
DA:29,1
DA:30,1
DA:31,1
LF:31
LH:23
BRDA:1,0,0,1
BRF:1
BRH:1
end_of_record
